<?xml version="1.0" encoding="UTF-8"?>
<!-- Generated by org.testng.reporters.JUnitXMLReporter -->
<testsuite ignored="0" hostname="Nikhil" failures="1" tests="3" name="Test" time="3.39" errors="0" timestamp="2024-12-01T11:58:44 IST">
  <testcase classname="com.SmartWorld.testClasses.LoginTests" name="enteringDetails" time="0.946"/>
  <testcase classname="com.SmartWorld.testClasses.LoginTests" name="loginButtonClick" time="1.808"/>
  <testcase classname="com.SmartWorld.testClasses.LoginTests" name="screenshot" time="0.035">
    <failure type="java.lang.AssertionError" message="expected [Orangehrm] but found [OrangeHRM]">
      <![CDATA[java.lang.AssertionError: expected [Orangehrm] but found [OrangeHRM]
at com.SmartWorld.testClasses.LoginTests.screenshot(LoginTests.java:54)
at java.base/java.util.ArrayList.forEach(ArrayList.java:1596)
... Removed 31 stack frames]]>
    </failure>
  </testcase> <!-- screenshot -->
</testsuite> <!-- Test -->
