<?xml version="1.0" encoding="UTF-8"?>
<!-- Generated by org.testng.reporters.JUnitXMLReporter -->
<testsuite ignored="0" hostname="Nikhil" failures="0" tests="3" name="Default test" time="2.299" errors="0" timestamp="2024-10-14T16:21:22 IST">
  <testcase classname="com.SmartWorld.testClasses.LoginTests" name="enteringDetails" time="0.791"/>
  <testcase classname="com.SmartWorld.testClasses.LoginTests" name="loginButtonClick" time="1.275"/>
  <testcase classname="com.SmartWorld.testClasses.LoginTests" name="screenshot" time="0.163"/>
</testsuite> <!-- Default test -->
